<?xml version="1.0" encoding="utf-8"?><testsuites name="pytest tests"><testsuite name="pytest" errors="0" failures="0" skipped="0" tests="6" time="1.447" timestamp="2026-09-14T03:37:03.360605+00:00" hostname="agent-env-75c2e7f2-f4e3-43db-b227-76d7bdab344d"><testcase classname="tests.backend_test" name="test_login_invalid_credentials" time="0.169" /><testcase classname="tests.backend_test" name="test_dashboard_by_role[admin]" time="0.254" /><testcase classname="tests.backend_test" name="test_dashboard_by_role[teacher]" time="0.067" /><testcase classname="tests.backend_test" name="test_dashboard_by_role[student]" time="0.063" /><testcase classname="tests.backend_test" name="test_role_boundaries" time="0.187" /><testcase classname="tests.backend_test" name="test_admin_create_and_list_subject" time="0.131" /></testsuite></testsuites>