<?xml version="1.0" encoding="utf-8"?><testsuites name="pytest tests"><testsuite name="pytest" errors="0" failures="0" skipped="0" tests="16" time="4.741" timestamp="2026-09-14T04:23:54.418592+00:00" hostname="agent-env-75c2e7f2-f4e3-43db-b227-76d7bdab344d"><testcase classname="tests.backend_test" name="test_login_invalid_credentials" time="0.193" /><testcase classname="tests.backend_test" name="test_dashboard_by_role[admin]" time="0.296" /><testcase classname="tests.test_iteration5_features" name="test_attendance_record_and_student_summary" time="0.880" /><testcase classname="tests.backend_test" name="test_dashboard_by_role[teacher]" time="0.080" /><testcase classname="tests.backend_test" name="test_dashboard_by_role[student]" time="0.071" /><testcase classname="tests.backend_test" name="test_role_boundaries" time="0.231" /><testcase classname="tests.backend_test" name="test_admin_create_and_list_subject" time="0.137" /><testcase classname="tests.test_iteration5_features" name="test_pjj_create_and_list" time="0.251" /><testcase classname="tests.test_iteration5_features" name="test_excel_export_returns_valid_xlsx_with_columns" time="0.912" /><testcase classname="tests.test_requested_features" name="test_material_upload_validation_and_student_download" time="1.523" /><testcase classname="tests.test_iteration5_features" name="test_student_forbidden_on_admin_and_teacher_endpoints" time="1.023" /><testcase classname="tests.test_requested_features" name="test_quiz_creation_answer_key_protection_and_scoring" time="0.350" /><testcase classname="tests.test_requested_features" name="test_assignment_submission_grading_final_score_and_notifications" time="0.639" /><testcase classname="tests.test_iteration5_features" name="test_notification_mark_read" time="0.407" /><testcase classname="tests.test_iteration5_features" name="test_single_active_period" time="0.527" /><testcase classname="tests.test_requested_features" name="test_feature_role_boundaries" time="0.652" /></testsuite></testsuites>