<?xml version="1.0" encoding="utf-8"?><testsuites name="pytest tests"><testsuite name="pytest" errors="0" failures="0" skipped="0" tests="6" time="1.469" timestamp="2026-09-14T03:33:30.320141+00:00" hostname="agent-env-75c2e7f2-f4e3-43db-b227-76d7bdab344d"><testcase classname="tests.backend_test" name="test_login_invalid_credentials" time="0.177" /><testcase classname="tests.backend_test" name="test_dashboard_by_role[admin]" time="0.263" /><testcase classname="tests.backend_test" name="test_dashboard_by_role[teacher]" time="0.060" /><testcase classname="tests.backend_test" name="test_dashboard_by_role[student]" time="0.064" /><testcase classname="tests.backend_test" name="test_role_boundaries" time="0.179" /><testcase classname="tests.backend_test" name="test_admin_create_and_list_subject" time="0.124" /></testsuite></testsuites>