<?xml version="1.0" encoding="utf-8"?><testsuites name="pytest tests"><testsuite name="pytest" errors="0" failures="0" skipped="0" tests="10" time="4.086" timestamp="2026-09-14T03:53:00.254889+00:00" hostname="agent-env-75c2e7f2-f4e3-43db-b227-76d7bdab344d"><testcase classname="tests.backend_test" name="test_login_invalid_credentials" time="0.157" /><testcase classname="tests.backend_test" name="test_dashboard_by_role[admin]" time="0.296" /><testcase classname="tests.test_requested_features" name="test_material_upload_validation_and_student_download" time="1.812" /><testcase classname="tests.backend_test" name="test_dashboard_by_role[teacher]" time="0.066" /><testcase classname="tests.backend_test" name="test_dashboard_by_role[student]" time="0.071" /><testcase classname="tests.backend_test" name="test_role_boundaries" time="0.224" /><testcase classname="tests.backend_test" name="test_admin_create_and_list_subject" time="0.143" /><testcase classname="tests.test_requested_features" name="test_quiz_creation_answer_key_protection_and_scoring" time="0.402" /><testcase classname="tests.test_requested_features" name="test_assignment_submission_grading_final_score_and_notifications" time="0.769" /><testcase classname="tests.test_requested_features" name="test_feature_role_boundaries" time="0.581" /></testsuite></testsuites>